=/pretest.json
{
  _: [],
  f: [
    '/home/runner/work/exp-Residence-Time-Distribution-in-Empty-tube-reactor-iitb/exp-Residence-Time-Distribution-in-Empty-tube-reactor-iitb/experiment/pretest.json'
  ],
  files: [
    '/home/runner/work/exp-Residence-Time-Distribution-in-Empty-tube-reactor-iitb/exp-Residence-Time-Distribution-in-Empty-tube-reactor-iitb/experiment/pretest.json'
  ],
  c: 'assessment',
  contentTypes: 'assessment',
  'content-types': 'assessment',
  '$0': 'validate'
}
Validated true
=/posttest.json
{
  _: [],
  f: [
    '/home/runner/work/exp-Residence-Time-Distribution-in-Empty-tube-reactor-iitb/exp-Residence-Time-Distribution-in-Empty-tube-reactor-iitb/experiment/posttest.json'
  ],
  files: [
    '/home/runner/work/exp-Residence-Time-Distribution-in-Empty-tube-reactor-iitb/exp-Residence-Time-Distribution-in-Empty-tube-reactor-iitb/experiment/posttest.json'
  ],
  c: 'assessment',
  contentTypes: 'assessment',
  'content-types': 'assessment',
  '$0': 'validate'
}
Validated true
